(0.001) SELECT @@SQL_AUTO_IS_NULL; args=None
(0.000) SET SESSION TRANSACTION ISOLATION LEVEL READ COMMITTED; args=None
(0.000) SELECT VERSION(); args=None
(0.000) SELECT @@SQL_AUTO_IS_NULL; args=None
(0.000) SET SESSION TRANSACTION ISOLATION LEVEL READ COMMITTED; args=None
(0.000) SELECT VERSION(); args=None
(0.000) SELECT @@SQL_AUTO_IS_NULL; args=None
(0.000) SET SESSION TRANSACTION ISOLATION LEVEL READ COMMITTED; args=None
(0.000) SELECT VERSION(); args=None
(0.000) SET SESSION TRANSACTION ISOLATION LEVEL READ COMMITTED; args=None
(0.003) SHOW FULL TABLES; args=None
(0.000) SELECT @@SQL_AUTO_IS_NULL; args=None
(0.000) SET SESSION TRANSACTION ISOLATION LEVEL READ COMMITTED; args=None
(0.002) SELECT @@sql_mode; args=None
(0.000) SELECT VERSION(); args=None
(0.002) SHOW FULL TABLES; args=None
(0.000) SHOW FULL TABLES; args=None
(0.000) SHOW FULL TABLES; args=None
CREATE TABLE `django_migrations` (`id` integer AUTO_INCREMENT NOT NULL PRIMARY KEY, `app` varchar(255) NOT NULL, `name` varchar(255) NOT NULL, `applied` datetime(6) NOT NULL); (params None)
(0.070) CREATE TABLE `django_migrations` (`id` integer AUTO_INCREMENT NOT NULL PRIMARY KEY, `app` varchar(255) NOT NULL, `name` varchar(255) NOT NULL, `applied` datetime(6) NOT NULL); args=None
(0.014) SELECT engine FROM information_schema.tables WHERE table_name = 'django_migrations'; args=['django_migrations']
(0.001) SELECT engine FROM information_schema.tables WHERE table_name = 'django_migrations'; args=['django_migrations']
(0.000) SELECT engine FROM information_schema.tables WHERE table_name = 'django_migrations'; args=['django_migrations']
(0.000) SELECT engine FROM information_schema.tables WHERE table_name = 'django_migrations'; args=['django_migrations']
CREATE TABLE `django_content_type` (`id` integer AUTO_INCREMENT NOT NULL PRIMARY KEY, `name` varchar(100) NOT NULL, `app_label` varchar(100) NOT NULL, `model` varchar(100) NOT NULL); (params None)
(0.019) CREATE TABLE `django_content_type` (`id` integer AUTO_INCREMENT NOT NULL PRIMARY KEY, `name` varchar(100) NOT NULL, `app_label` varchar(100) NOT NULL, `model` varchar(100) NOT NULL); args=None
(0.008) SELECT engine FROM information_schema.tables WHERE table_name = 'django_content_type'; args=['django_content_type']
(0.001) SELECT engine FROM information_schema.tables WHERE table_name = 'django_content_type'; args=['django_content_type']
(0.001) SELECT engine FROM information_schema.tables WHERE table_name = 'django_content_type'; args=['django_content_type']
(0.000) SELECT engine FROM information_schema.tables WHERE table_name = 'django_content_type'; args=['django_content_type']
ALTER TABLE `django_content_type` ADD CONSTRAINT django_content_type_app_label_model_76bd3d3b_uniq UNIQUE (`app_label`, `model`); (params ())
(0.031) ALTER TABLE `django_content_type` ADD CONSTRAINT django_content_type_app_label_model_76bd3d3b_uniq UNIQUE (`app_label`, `model`); args=()
(0.001) SHOW FULL TABLES; args=None
(0.003) INSERT INTO `django_migrations` (`app`, `name`, `applied`) VALUES ('contenttypes', '0001_initial', '2018-05-27 03:02:58.040864'); args=['contenttypes', '0001_initial', '2018-05-27 03:02:58.040864']
ALTER TABLE `django_content_type` MODIFY `name` varchar(100) NULL; (params [])
(0.028) ALTER TABLE `django_content_type` MODIFY `name` varchar(100) NULL; args=[]
ALTER TABLE `django_content_type` DROP COLUMN `name`; (params ())
(0.020) ALTER TABLE `django_content_type` DROP COLUMN `name`; args=()
(0.000) SHOW FULL TABLES; args=None
(0.000) INSERT INTO `django_migrations` (`app`, `name`, `applied`) VALUES ('contenttypes', '0002_remove_content_type_name', '2018-05-27 03:02:58.107703'); args=['contenttypes', '0002_remove_content_type_name', '2018-05-27 03:02:58.107703']
CREATE TABLE `auth_permission` (`id` integer AUTO_INCREMENT NOT NULL PRIMARY KEY, `name` varchar(50) NOT NULL, `content_type_id` integer NOT NULL, `codename` varchar(100) NOT NULL); (params None)
(0.021) CREATE TABLE `auth_permission` (`id` integer AUTO_INCREMENT NOT NULL PRIMARY KEY, `name` varchar(50) NOT NULL, `content_type_id` integer NOT NULL, `codename` varchar(100) NOT NULL); args=None
(0.003) SELECT engine FROM information_schema.tables WHERE table_name = 'auth_permission'; args=['auth_permission']
(0.001) SELECT engine FROM information_schema.tables WHERE table_name = 'auth_permission'; args=['auth_permission']
(0.000) SELECT engine FROM information_schema.tables WHERE table_name = 'auth_permission'; args=['auth_permission']
(0.000) SELECT engine FROM information_schema.tables WHERE table_name = 'auth_permission'; args=['auth_permission']
CREATE TABLE `auth_group` (`id` integer AUTO_INCREMENT NOT NULL PRIMARY KEY, `name` varchar(80) NOT NULL UNIQUE); (params None)
(0.014) CREATE TABLE `auth_group` (`id` integer AUTO_INCREMENT NOT NULL PRIMARY KEY, `name` varchar(80) NOT NULL UNIQUE); args=None
(0.004) SELECT engine FROM information_schema.tables WHERE table_name = 'auth_group'; args=['auth_group']
(0.001) SELECT engine FROM information_schema.tables WHERE table_name = 'auth_group'; args=['auth_group']
CREATE TABLE `auth_group_permissions` (`id` integer AUTO_INCREMENT NOT NULL PRIMARY KEY, `group_id` integer NOT NULL, `permission_id` integer NOT NULL); (params None)
(0.012) CREATE TABLE `auth_group_permissions` (`id` integer AUTO_INCREMENT NOT NULL PRIMARY KEY, `group_id` integer NOT NULL, `permission_id` integer NOT NULL); args=None
(0.001) SELECT engine FROM information_schema.tables WHERE table_name = 'auth_group_permissions'; args=['auth_group_permissions']
(0.000) SELECT engine FROM information_schema.tables WHERE table_name = 'auth_group_permissions'; args=['auth_group_permissions']
(0.000) SELECT engine FROM information_schema.tables WHERE table_name = 'auth_group_permissions'; args=['auth_group_permissions']
ALTER TABLE `auth_permission` ADD CONSTRAINT `auth_permission_content_type_id_2f476e4b_fk_django_co` FOREIGN KEY (`content_type_id`) REFERENCES `django_content_type` (`id`); (params ())
(0.032) ALTER TABLE `auth_permission` ADD CONSTRAINT `auth_permission_content_type_id_2f476e4b_fk_django_co` FOREIGN KEY (`content_type_id`) REFERENCES `django_content_type` (`id`); args=()
ALTER TABLE `auth_permission` ADD CONSTRAINT auth_permission_content_type_id_codename_01ab375a_uniq UNIQUE (`content_type_id`, `codename`); (params ())
(0.024) ALTER TABLE `auth_permission` ADD CONSTRAINT auth_permission_content_type_id_codename_01ab375a_uniq UNIQUE (`content_type_id`, `codename`); args=()
ALTER TABLE `auth_group_permissions` ADD CONSTRAINT `auth_group_permissions_group_id_b120cbf9_fk_auth_group_id` FOREIGN KEY (`group_id`) REFERENCES `auth_group` (`id`); (params ())
(0.024) ALTER TABLE `auth_group_permissions` ADD CONSTRAINT `auth_group_permissions_group_id_b120cbf9_fk_auth_group_id` FOREIGN KEY (`group_id`) REFERENCES `auth_group` (`id`); args=()
ALTER TABLE `auth_group_permissions` ADD CONSTRAINT `auth_group_permissio_permission_id_84c5c92e_fk_auth_perm` FOREIGN KEY (`permission_id`) REFERENCES `auth_permission` (`id`); (params ())
(0.026) ALTER TABLE `auth_group_permissions` ADD CONSTRAINT `auth_group_permissio_permission_id_84c5c92e_fk_auth_perm` FOREIGN KEY (`permission_id`) REFERENCES `auth_permission` (`id`); args=()
ALTER TABLE `auth_group_permissions` ADD CONSTRAINT auth_group_permissions_group_id_permission_id_0cd325b0_uniq UNIQUE (`group_id`, `permission_id`); (params ())
(0.011) ALTER TABLE `auth_group_permissions` ADD CONSTRAINT auth_group_permissions_group_id_permission_id_0cd325b0_uniq UNIQUE (`group_id`, `permission_id`); args=()
(0.000) SHOW FULL TABLES; args=None
(0.000) INSERT INTO `django_migrations` (`app`, `name`, `applied`) VALUES ('auth', '0001_initial', '2018-05-27 03:02:58.299567'); args=['auth', '0001_initial', '2018-05-27 03:02:58.299567']
ALTER TABLE `auth_permission` MODIFY `name` varchar(255) NOT NULL; (params [])
(0.019) ALTER TABLE `auth_permission` MODIFY `name` varchar(255) NOT NULL; args=[]
(0.000) SHOW FULL TABLES; args=None
(0.000) INSERT INTO `django_migrations` (`app`, `name`, `applied`) VALUES ('auth', '0002_alter_permission_name_max_length', '2018-05-27 03:02:58.325074'); args=['auth', '0002_alter_permission_name_max_length', '2018-05-27 03:02:58.325074']
(0.000) SHOW FULL TABLES; args=None
(0.000) INSERT INTO `django_migrations` (`app`, `name`, `applied`) VALUES ('auth', '0003_alter_user_email_max_length', '2018-05-27 03:02:58.331638'); args=['auth', '0003_alter_user_email_max_length', '2018-05-27 03:02:58.331638']
(0.001) SHOW FULL TABLES; args=None
(0.000) INSERT INTO `django_migrations` (`app`, `name`, `applied`) VALUES ('auth', '0004_alter_user_username_opts', '2018-05-27 03:02:58.338569'); args=['auth', '0004_alter_user_username_opts', '2018-05-27 03:02:58.338569']
(0.000) SHOW FULL TABLES; args=None
(0.000) INSERT INTO `django_migrations` (`app`, `name`, `applied`) VALUES ('auth', '0005_alter_user_last_login_null', '2018-05-27 03:02:58.345938'); args=['auth', '0005_alter_user_last_login_null', '2018-05-27 03:02:58.345938']
(0.000) SHOW FULL TABLES; args=None
(0.000) INSERT INTO `django_migrations` (`app`, `name`, `applied`) VALUES ('auth', '0006_require_contenttypes_0002', '2018-05-27 03:02:58.347658'); args=['auth', '0006_require_contenttypes_0002', '2018-05-27 03:02:58.347658']
(0.000) SHOW FULL TABLES; args=None
(0.000) INSERT INTO `django_migrations` (`app`, `name`, `applied`) VALUES ('auth', '0007_alter_validators_add_error_messages', '2018-05-27 03:02:58.355944'); args=['auth', '0007_alter_validators_add_error_messages', '2018-05-27 03:02:58.355944']
(0.000) SHOW FULL TABLES; args=None
(0.000) INSERT INTO `django_migrations` (`app`, `name`, `applied`) VALUES ('auth', '0008_alter_user_username_max_length', '2018-05-27 03:02:58.361549'); args=['auth', '0008_alter_user_username_max_length', '2018-05-27 03:02:58.361549']
(0.001) SHOW FULL TABLES; args=None
(0.000) INSERT INTO `django_migrations` (`app`, `name`, `applied`) VALUES ('auth', '0009_alter_user_last_name_max_length', '2018-05-27 03:02:58.370008'); args=['auth', '0009_alter_user_last_name_max_length', '2018-05-27 03:02:58.370008']
CREATE TABLE `account_user` (`id` integer AUTO_INCREMENT NOT NULL PRIMARY KEY, `password` varchar(128) NOT NULL, `last_login` datetime(6) NULL, `is_superuser` bool NOT NULL, `is_staff` bool NOT NULL, `is_active` bool NOT NULL, `date_joined` datetime(6) NOT NULL, `username` varchar(150) NOT NULL UNIQUE, `first_name` varchar(30) NOT NULL, `last_name` varchar(150) NOT NULL, `email` varchar(254) NOT NULL, `portrait` varchar(256) NULL, `type` varchar(16) NOT NULL); (params None)
(0.014) CREATE TABLE `account_user` (`id` integer AUTO_INCREMENT NOT NULL PRIMARY KEY, `password` varchar(128) NOT NULL, `last_login` datetime(6) NULL, `is_superuser` bool NOT NULL, `is_staff` bool NOT NULL, `is_active` bool NOT NULL, `date_joined` datetime(6) NOT NULL, `username` varchar(150) NOT NULL UNIQUE, `first_name` varchar(30) NOT NULL, `last_name` varchar(150) NOT NULL, `email` varchar(254) NOT NULL, `portrait` varchar(256) NULL, `type` varchar(16) NOT NULL); args=None
(0.005) SELECT engine FROM information_schema.tables WHERE table_name = 'account_user'; args=['account_user']
(0.000) SELECT engine FROM information_schema.tables WHERE table_name = 'account_user'; args=['account_user']
(0.000) SELECT engine FROM information_schema.tables WHERE table_name = 'account_user'; args=['account_user']
(0.000) SELECT engine FROM information_schema.tables WHERE table_name = 'account_user'; args=['account_user']
(0.001) SELECT engine FROM information_schema.tables WHERE table_name = 'account_user'; args=['account_user']
(0.001) SELECT engine FROM information_schema.tables WHERE table_name = 'account_user'; args=['account_user']
(0.001) SELECT engine FROM information_schema.tables WHERE table_name = 'account_user'; args=['account_user']
(0.001) SELECT engine FROM information_schema.tables WHERE table_name = 'account_user'; args=['account_user']
(0.000) SELECT engine FROM information_schema.tables WHERE table_name = 'account_user'; args=['account_user']
(0.000) SELECT engine FROM information_schema.tables WHERE table_name = 'account_user'; args=['account_user']
(0.000) SELECT engine FROM information_schema.tables WHERE table_name = 'account_user'; args=['account_user']
(0.000) SELECT engine FROM information_schema.tables WHERE table_name = 'account_user'; args=['account_user']
(0.000) SELECT engine FROM information_schema.tables WHERE table_name = 'account_user'; args=['account_user']
CREATE TABLE `account_user_groups` (`id` integer AUTO_INCREMENT NOT NULL PRIMARY KEY, `user_id` integer NOT NULL, `group_id` integer NOT NULL); (params None)
(0.013) CREATE TABLE `account_user_groups` (`id` integer AUTO_INCREMENT NOT NULL PRIMARY KEY, `user_id` integer NOT NULL, `group_id` integer NOT NULL); args=None
(0.004) SELECT engine FROM information_schema.tables WHERE table_name = 'account_user_groups'; args=['account_user_groups']
(0.001) SELECT engine FROM information_schema.tables WHERE table_name = 'account_user_groups'; args=['account_user_groups']
(0.000) SELECT engine FROM information_schema.tables WHERE table_name = 'account_user_groups'; args=['account_user_groups']
CREATE TABLE `account_user_user_permissions` (`id` integer AUTO_INCREMENT NOT NULL PRIMARY KEY, `user_id` integer NOT NULL, `permission_id` integer NOT NULL); (params None)
(0.015) CREATE TABLE `account_user_user_permissions` (`id` integer AUTO_INCREMENT NOT NULL PRIMARY KEY, `user_id` integer NOT NULL, `permission_id` integer NOT NULL); args=None
(0.002) SELECT engine FROM information_schema.tables WHERE table_name = 'account_user_user_permissions'; args=['account_user_user_permissions']
(0.001) SELECT engine FROM information_schema.tables WHERE table_name = 'account_user_user_permissions'; args=['account_user_user_permissions']
(0.001) SELECT engine FROM information_schema.tables WHERE table_name = 'account_user_user_permissions'; args=['account_user_user_permissions']
CREATE TABLE `account_address` (`id` integer AUTO_INCREMENT NOT NULL PRIMARY KEY, `street` varchar(256) NULL, `unit` varchar(256) NULL); (params None)
(0.015) CREATE TABLE `account_address` (`id` integer AUTO_INCREMENT NOT NULL PRIMARY KEY, `street` varchar(256) NULL, `unit` varchar(256) NULL); args=None
(0.005) SELECT engine FROM information_schema.tables WHERE table_name = 'account_address'; args=['account_address']
(0.001) SELECT engine FROM information_schema.tables WHERE table_name = 'account_address'; args=['account_address']
(0.000) SELECT engine FROM information_schema.tables WHERE table_name = 'account_address'; args=['account_address']
CREATE TABLE `account_city` (`id` integer AUTO_INCREMENT NOT NULL PRIMARY KEY, `name` varchar(64) NULL); (params None)
(0.016) CREATE TABLE `account_city` (`id` integer AUTO_INCREMENT NOT NULL PRIMARY KEY, `name` varchar(64) NULL); args=None
(0.001) SELECT engine FROM information_schema.tables WHERE table_name = 'account_city'; args=['account_city']
(0.001) SELECT engine FROM information_schema.tables WHERE table_name = 'account_city'; args=['account_city']
CREATE TABLE `account_feedback` (`id` integer AUTO_INCREMENT NOT NULL PRIMARY KEY, `email` varchar(32) NULL, `phone` varchar(32) NULL, `message` varchar(255) NULL, `created` datetime(6) NOT NULL, `updated` datetime(6) NOT NULL, `user_id` integer NOT NULL UNIQUE); (params None)
(0.016) CREATE TABLE `account_feedback` (`id` integer AUTO_INCREMENT NOT NULL PRIMARY KEY, `email` varchar(32) NULL, `phone` varchar(32) NULL, `message` varchar(255) NULL, `created` datetime(6) NOT NULL, `updated` datetime(6) NOT NULL, `user_id` integer NOT NULL UNIQUE); args=None
(0.001) SELECT engine FROM information_schema.tables WHERE table_name = 'account_feedback'; args=['account_feedback']
(0.000) SELECT engine FROM information_schema.tables WHERE table_name = 'account_feedback'; args=['account_feedback']
(0.000) SELECT engine FROM information_schema.tables WHERE table_name = 'account_feedback'; args=['account_feedback']
(0.000) SELECT engine FROM information_schema.tables WHERE table_name = 'account_feedback'; args=['account_feedback']
(0.000) SELECT engine FROM information_schema.tables WHERE table_name = 'account_feedback'; args=['account_feedback']
(0.000) SELECT engine FROM information_schema.tables WHERE table_name = 'account_feedback'; args=['account_feedback']
(0.000) SELECT engine FROM information_schema.tables WHERE table_name = 'account_feedback'; args=['account_feedback']
CREATE TABLE `account_profile` (`id` integer AUTO_INCREMENT NOT NULL PRIMARY KEY, `gender` varchar(32) NULL, `description` varchar(255) NULL, `phone` varchar(64) NULL, `portrait` varchar(100) NOT NULL, `created` datetime(6) NOT NULL, `updated` datetime(6) NOT NULL, `address_id` integer NULL, `user_id` integer NOT NULL UNIQUE); (params None)
(0.013) CREATE TABLE `account_profile` (`id` integer AUTO_INCREMENT NOT NULL PRIMARY KEY, `gender` varchar(32) NULL, `description` varchar(255) NULL, `phone` varchar(64) NULL, `portrait` varchar(100) NOT NULL, `created` datetime(6) NOT NULL, `updated` datetime(6) NOT NULL, `address_id` integer NULL, `user_id` integer NOT NULL UNIQUE); args=None
(0.002) SELECT engine FROM information_schema.tables WHERE table_name = 'account_profile'; args=['account_profile']
(0.001) SELECT engine FROM information_schema.tables WHERE table_name = 'account_profile'; args=['account_profile']
(0.000) SELECT engine FROM information_schema.tables WHERE table_name = 'account_profile'; args=['account_profile']
(0.000) SELECT engine FROM information_schema.tables WHERE table_name = 'account_profile'; args=['account_profile']
(0.000) SELECT engine FROM information_schema.tables WHERE table_name = 'account_profile'; args=['account_profile']
(0.000) SELECT engine FROM information_schema.tables WHERE table_name = 'account_profile'; args=['account_profile']
(0.001) SELECT engine FROM information_schema.tables WHERE table_name = 'account_profile'; args=['account_profile']
(0.000) SELECT engine FROM information_schema.tables WHERE table_name = 'account_profile'; args=['account_profile']
(0.000) SELECT engine FROM information_schema.tables WHERE table_name = 'account_profile'; args=['account_profile']
CREATE TABLE `account_province` (`id` integer AUTO_INCREMENT NOT NULL PRIMARY KEY, `name` varchar(64) NULL, `code` varchar(10) NULL, `country_code` varchar(10) NULL); (params None)
(0.014) CREATE TABLE `account_province` (`id` integer AUTO_INCREMENT NOT NULL PRIMARY KEY, `name` varchar(64) NULL, `code` varchar(10) NULL, `country_code` varchar(10) NULL); args=None
(0.002) SELECT engine FROM information_schema.tables WHERE table_name = 'account_province'; args=['account_province']
(0.001) SELECT engine FROM information_schema.tables WHERE table_name = 'account_province'; args=['account_province']
(0.001) SELECT engine FROM information_schema.tables WHERE table_name = 'account_province'; args=['account_province']
(0.000) SELECT engine FROM information_schema.tables WHERE table_name = 'account_province'; args=['account_province']
ALTER TABLE `account_city` ADD COLUMN `province_id` integer NULL; (params [])
(0.018) ALTER TABLE `account_city` ADD COLUMN `province_id` integer NULL; args=[]
(0.001) SELECT engine FROM information_schema.tables WHERE table_name = 'account_city'; args=['account_city']
ALTER TABLE `account_address` ADD COLUMN `city_id` integer NULL; (params [])
(0.015) ALTER TABLE `account_address` ADD COLUMN `city_id` integer NULL; args=[]
(0.001) SELECT engine FROM information_schema.tables WHERE table_name = 'account_address'; args=['account_address']
ALTER TABLE `account_address` ADD COLUMN `province_id` integer NULL; (params [])
(0.015) ALTER TABLE `account_address` ADD COLUMN `province_id` integer NULL; args=[]
(0.001) SELECT engine FROM information_schema.tables WHERE table_name = 'account_address'; args=['account_address']
ALTER TABLE `account_user_groups` ADD CONSTRAINT `account_user_groups_user_id_14345e7b_fk_account_user_id` FOREIGN KEY (`user_id`) REFERENCES `account_user` (`id`); (params ())
(0.015) ALTER TABLE `account_user_groups` ADD CONSTRAINT `account_user_groups_user_id_14345e7b_fk_account_user_id` FOREIGN KEY (`user_id`) REFERENCES `account_user` (`id`); args=()
ALTER TABLE `account_user_groups` ADD CONSTRAINT `account_user_groups_group_id_6c71f749_fk_auth_group_id` FOREIGN KEY (`group_id`) REFERENCES `auth_group` (`id`); (params ())
(0.019) ALTER TABLE `account_user_groups` ADD CONSTRAINT `account_user_groups_group_id_6c71f749_fk_auth_group_id` FOREIGN KEY (`group_id`) REFERENCES `auth_group` (`id`); args=()
ALTER TABLE `account_user_groups` ADD CONSTRAINT account_user_groups_user_id_group_id_4d09af3e_uniq UNIQUE (`user_id`, `group_id`); (params ())
(0.012) ALTER TABLE `account_user_groups` ADD CONSTRAINT account_user_groups_user_id_group_id_4d09af3e_uniq UNIQUE (`user_id`, `group_id`); args=()
ALTER TABLE `account_user_user_permissions` ADD CONSTRAINT `account_user_user_pe_user_id_cc42d270_fk_account_u` FOREIGN KEY (`user_id`) REFERENCES `account_user` (`id`); (params ())
(0.017) ALTER TABLE `account_user_user_permissions` ADD CONSTRAINT `account_user_user_pe_user_id_cc42d270_fk_account_u` FOREIGN KEY (`user_id`) REFERENCES `account_user` (`id`); args=()
ALTER TABLE `account_user_user_permissions` ADD CONSTRAINT `account_user_user_pe_permission_id_66c44191_fk_auth_perm` FOREIGN KEY (`permission_id`) REFERENCES `auth_permission` (`id`); (params ())
(0.018) ALTER TABLE `account_user_user_permissions` ADD CONSTRAINT `account_user_user_pe_permission_id_66c44191_fk_auth_perm` FOREIGN KEY (`permission_id`) REFERENCES `auth_permission` (`id`); args=()
ALTER TABLE `account_user_user_permissions` ADD CONSTRAINT account_user_user_permis_user_id_permission_id_48bdd28b_uniq UNIQUE (`user_id`, `permission_id`); (params ())
(0.012) ALTER TABLE `account_user_user_permissions` ADD CONSTRAINT account_user_user_permis_user_id_permission_id_48bdd28b_uniq UNIQUE (`user_id`, `permission_id`); args=()
ALTER TABLE `account_feedback` ADD CONSTRAINT `account_feedback_user_id_d72751ae_fk_account_user_id` FOREIGN KEY (`user_id`) REFERENCES `account_user` (`id`); (params ())
(0.022) ALTER TABLE `account_feedback` ADD CONSTRAINT `account_feedback_user_id_d72751ae_fk_account_user_id` FOREIGN KEY (`user_id`) REFERENCES `account_user` (`id`); args=()
ALTER TABLE `account_profile` ADD CONSTRAINT `account_profile_address_id_15aec146_fk_account_address_id` FOREIGN KEY (`address_id`) REFERENCES `account_address` (`id`); (params ())
(0.017) ALTER TABLE `account_profile` ADD CONSTRAINT `account_profile_address_id_15aec146_fk_account_address_id` FOREIGN KEY (`address_id`) REFERENCES `account_address` (`id`); args=()
ALTER TABLE `account_profile` ADD CONSTRAINT `account_profile_user_id_bdd52018_fk_account_user_id` FOREIGN KEY (`user_id`) REFERENCES `account_user` (`id`); (params ())
(0.018) ALTER TABLE `account_profile` ADD CONSTRAINT `account_profile_user_id_bdd52018_fk_account_user_id` FOREIGN KEY (`user_id`) REFERENCES `account_user` (`id`); args=()
ALTER TABLE `account_city` ADD CONSTRAINT `account_city_province_id_21fbc020_fk_account_province_id` FOREIGN KEY (`province_id`) REFERENCES `account_province` (`id`); (params ())
(0.017) ALTER TABLE `account_city` ADD CONSTRAINT `account_city_province_id_21fbc020_fk_account_province_id` FOREIGN KEY (`province_id`) REFERENCES `account_province` (`id`); args=()
ALTER TABLE `account_address` ADD CONSTRAINT `account_address_city_id_e3ff01eb_fk_account_city_id` FOREIGN KEY (`city_id`) REFERENCES `account_city` (`id`); (params ())
(0.025) ALTER TABLE `account_address` ADD CONSTRAINT `account_address_city_id_e3ff01eb_fk_account_city_id` FOREIGN KEY (`city_id`) REFERENCES `account_city` (`id`); args=()
ALTER TABLE `account_address` ADD CONSTRAINT `account_address_province_id_f5702e12_fk_account_province_id` FOREIGN KEY (`province_id`) REFERENCES `account_province` (`id`); (params ())
(0.016) ALTER TABLE `account_address` ADD CONSTRAINT `account_address_province_id_f5702e12_fk_account_province_id` FOREIGN KEY (`province_id`) REFERENCES `account_province` (`id`); args=()
(0.001) SHOW FULL TABLES; args=None
(0.000) INSERT INTO `django_migrations` (`app`, `name`, `applied`) VALUES ('account', '0001_initial', '2018-05-27 03:02:58.862883'); args=['account', '0001_initial', '2018-05-27 03:02:58.862883']
CREATE TABLE `django_admin_log` (`id` integer AUTO_INCREMENT NOT NULL PRIMARY KEY, `action_time` datetime(6) NOT NULL, `object_id` longtext NULL, `object_repr` varchar(200) NOT NULL, `action_flag` smallint UNSIGNED NOT NULL, `change_message` longtext NOT NULL, `content_type_id` integer NULL, `user_id` integer NOT NULL); (params None)
(0.011) CREATE TABLE `django_admin_log` (`id` integer AUTO_INCREMENT NOT NULL PRIMARY KEY, `action_time` datetime(6) NOT NULL, `object_id` longtext NULL, `object_repr` varchar(200) NOT NULL, `action_flag` smallint UNSIGNED NOT NULL, `change_message` longtext NOT NULL, `content_type_id` integer NULL, `user_id` integer NOT NULL); args=None
(0.002) SELECT engine FROM information_schema.tables WHERE table_name = 'django_admin_log'; args=['django_admin_log']
(0.001) SELECT engine FROM information_schema.tables WHERE table_name = 'django_admin_log'; args=['django_admin_log']
(0.000) SELECT engine FROM information_schema.tables WHERE table_name = 'django_admin_log'; args=['django_admin_log']
(0.000) SELECT engine FROM information_schema.tables WHERE table_name = 'django_admin_log'; args=['django_admin_log']
(0.000) SELECT engine FROM information_schema.tables WHERE table_name = 'django_admin_log'; args=['django_admin_log']
(0.000) SELECT engine FROM information_schema.tables WHERE table_name = 'django_admin_log'; args=['django_admin_log']
(0.000) SELECT engine FROM information_schema.tables WHERE table_name = 'django_admin_log'; args=['django_admin_log']
(0.000) SELECT engine FROM information_schema.tables WHERE table_name = 'django_admin_log'; args=['django_admin_log']
ALTER TABLE `django_admin_log` ADD CONSTRAINT `django_admin_log_content_type_id_c4bce8eb_fk_django_co` FOREIGN KEY (`content_type_id`) REFERENCES `django_content_type` (`id`); (params ())
(0.019) ALTER TABLE `django_admin_log` ADD CONSTRAINT `django_admin_log_content_type_id_c4bce8eb_fk_django_co` FOREIGN KEY (`content_type_id`) REFERENCES `django_content_type` (`id`); args=()
ALTER TABLE `django_admin_log` ADD CONSTRAINT `django_admin_log_user_id_c564eba6_fk_account_user_id` FOREIGN KEY (`user_id`) REFERENCES `account_user` (`id`); (params ())
(0.017) ALTER TABLE `django_admin_log` ADD CONSTRAINT `django_admin_log_user_id_c564eba6_fk_account_user_id` FOREIGN KEY (`user_id`) REFERENCES `account_user` (`id`); args=()
(0.001) SHOW FULL TABLES; args=None
(0.000) INSERT INTO `django_migrations` (`app`, `name`, `applied`) VALUES ('admin', '0001_initial', '2018-05-27 03:02:58.931267'); args=['admin', '0001_initial', '2018-05-27 03:02:58.931267']
(0.001) SHOW FULL TABLES; args=None
(0.000) INSERT INTO `django_migrations` (`app`, `name`, `applied`) VALUES ('admin', '0002_logentry_remove_auto_add', '2018-05-27 03:02:58.942064'); args=['admin', '0002_logentry_remove_auto_add', '2018-05-27 03:02:58.942064']
CREATE TABLE `commerce_cart` (`id` integer AUTO_INCREMENT NOT NULL PRIMARY KEY, `created` datetime(6) NOT NULL, `updated` datetime(6) NOT NULL, `user_id` integer NOT NULL UNIQUE); (params None)
(0.009) CREATE TABLE `commerce_cart` (`id` integer AUTO_INCREMENT NOT NULL PRIMARY KEY, `created` datetime(6) NOT NULL, `updated` datetime(6) NOT NULL, `user_id` integer NOT NULL UNIQUE); args=None
(0.003) SELECT engine FROM information_schema.tables WHERE table_name = 'commerce_cart'; args=['commerce_cart']
(0.001) SELECT engine FROM information_schema.tables WHERE table_name = 'commerce_cart'; args=['commerce_cart']
(0.001) SELECT engine FROM information_schema.tables WHERE table_name = 'commerce_cart'; args=['commerce_cart']
(0.001) SELECT engine FROM information_schema.tables WHERE table_name = 'commerce_cart'; args=['commerce_cart']
CREATE TABLE `commerce_cartitem` (`id` integer AUTO_INCREMENT NOT NULL PRIMARY KEY, `quantity` integer NULL, `created` datetime(6) NOT NULL, `updated` datetime(6) NOT NULL, `cart_id` integer NULL); (params None)
(0.014) CREATE TABLE `commerce_cartitem` (`id` integer AUTO_INCREMENT NOT NULL PRIMARY KEY, `quantity` integer NULL, `created` datetime(6) NOT NULL, `updated` datetime(6) NOT NULL, `cart_id` integer NULL); args=None
(0.002) SELECT engine FROM information_schema.tables WHERE table_name = 'commerce_cartitem'; args=['commerce_cartitem']
(0.001) SELECT engine FROM information_schema.tables WHERE table_name = 'commerce_cartitem'; args=['commerce_cartitem']
(0.000) SELECT engine FROM information_schema.tables WHERE table_name = 'commerce_cartitem'; args=['commerce_cartitem']
(0.000) SELECT engine FROM information_schema.tables WHERE table_name = 'commerce_cartitem'; args=['commerce_cartitem']
(0.000) SELECT engine FROM information_schema.tables WHERE table_name = 'commerce_cartitem'; args=['commerce_cartitem']
CREATE TABLE `commerce_category` (`id` integer AUTO_INCREMENT NOT NULL PRIMARY KEY, `name` varchar(128) NULL, `description` varchar(500) NULL, `created` datetime(6) NOT NULL, `updated` datetime(6) NOT NULL); (params None)
(0.014) CREATE TABLE `commerce_category` (`id` integer AUTO_INCREMENT NOT NULL PRIMARY KEY, `name` varchar(128) NULL, `description` varchar(500) NULL, `created` datetime(6) NOT NULL, `updated` datetime(6) NOT NULL); args=None
(0.001) SELECT engine FROM information_schema.tables WHERE table_name = 'commerce_category'; args=['commerce_category']
(0.000) SELECT engine FROM information_schema.tables WHERE table_name = 'commerce_category'; args=['commerce_category']
(0.000) SELECT engine FROM information_schema.tables WHERE table_name = 'commerce_category'; args=['commerce_category']
(0.000) SELECT engine FROM information_schema.tables WHERE table_name = 'commerce_category'; args=['commerce_category']
(0.000) SELECT engine FROM information_schema.tables WHERE table_name = 'commerce_category'; args=['commerce_category']
CREATE TABLE `commerce_favoriteproduct` (`id` integer AUTO_INCREMENT NOT NULL PRIMARY KEY, `ip` varchar(64) NULL, `status` bool NOT NULL, `created` datetime(6) NOT NULL, `updated` datetime(6) NOT NULL); (params None)
(0.014) CREATE TABLE `commerce_favoriteproduct` (`id` integer AUTO_INCREMENT NOT NULL PRIMARY KEY, `ip` varchar(64) NULL, `status` bool NOT NULL, `created` datetime(6) NOT NULL, `updated` datetime(6) NOT NULL); args=None
(0.003) SELECT engine FROM information_schema.tables WHERE table_name = 'commerce_favoriteproduct'; args=['commerce_favoriteproduct']
(0.001) SELECT engine FROM information_schema.tables WHERE table_name = 'commerce_favoriteproduct'; args=['commerce_favoriteproduct']
(0.001) SELECT engine FROM information_schema.tables WHERE table_name = 'commerce_favoriteproduct'; args=['commerce_favoriteproduct']
(0.000) SELECT engine FROM information_schema.tables WHERE table_name = 'commerce_favoriteproduct'; args=['commerce_favoriteproduct']
(0.000) SELECT engine FROM information_schema.tables WHERE table_name = 'commerce_favoriteproduct'; args=['commerce_favoriteproduct']
CREATE TABLE `commerce_order` (`id` integer AUTO_INCREMENT NOT NULL PRIMARY KEY, `amount` numeric(10, 3) NULL, `status` varchar(16) NOT NULL, `currency` varchar(16) NOT NULL, `created` datetime(6) NOT NULL, `updated` datetime(6) NOT NULL, `user_id` integer NOT NULL UNIQUE); (params None)
(0.015) CREATE TABLE `commerce_order` (`id` integer AUTO_INCREMENT NOT NULL PRIMARY KEY, `amount` numeric(10, 3) NULL, `status` varchar(16) NOT NULL, `currency` varchar(16) NOT NULL, `created` datetime(6) NOT NULL, `updated` datetime(6) NOT NULL, `user_id` integer NOT NULL UNIQUE); args=None
(0.001) SELECT engine FROM information_schema.tables WHERE table_name = 'commerce_order'; args=['commerce_order']
(0.000) SELECT engine FROM information_schema.tables WHERE table_name = 'commerce_order'; args=['commerce_order']
(0.000) SELECT engine FROM information_schema.tables WHERE table_name = 'commerce_order'; args=['commerce_order']
(0.000) SELECT engine FROM information_schema.tables WHERE table_name = 'commerce_order'; args=['commerce_order']
(0.000) SELECT engine FROM information_schema.tables WHERE table_name = 'commerce_order'; args=['commerce_order']
(0.000) SELECT engine FROM information_schema.tables WHERE table_name = 'commerce_order'; args=['commerce_order']
(0.000) SELECT engine FROM information_schema.tables WHERE table_name = 'commerce_order'; args=['commerce_order']
CREATE TABLE `commerce_orderitem` (`id` integer AUTO_INCREMENT NOT NULL PRIMARY KEY, `created` datetime(6) NOT NULL, `updated` datetime(6) NOT NULL, `order_id` integer NULL); (params None)
(0.011) CREATE TABLE `commerce_orderitem` (`id` integer AUTO_INCREMENT NOT NULL PRIMARY KEY, `created` datetime(6) NOT NULL, `updated` datetime(6) NOT NULL, `order_id` integer NULL); args=None
(0.001) SELECT engine FROM information_schema.tables WHERE table_name = 'commerce_orderitem'; args=['commerce_orderitem']
(0.001) SELECT engine FROM information_schema.tables WHERE table_name = 'commerce_orderitem'; args=['commerce_orderitem']
(0.001) SELECT engine FROM information_schema.tables WHERE table_name = 'commerce_orderitem'; args=['commerce_orderitem']
(0.001) SELECT engine FROM information_schema.tables WHERE table_name = 'commerce_orderitem'; args=['commerce_orderitem']
CREATE TABLE `commerce_picture` (`id` integer AUTO_INCREMENT NOT NULL PRIMARY KEY, `name` varchar(256) NULL, `description` varchar(1024) NULL, `index` integer NULL, `width` integer NULL, `height` integer NULL, `image` varchar(100) NOT NULL, `created` datetime(6) NOT NULL, `updated` datetime(6) NOT NULL); (params None)
(0.012) CREATE TABLE `commerce_picture` (`id` integer AUTO_INCREMENT NOT NULL PRIMARY KEY, `name` varchar(256) NULL, `description` varchar(1024) NULL, `index` integer NULL, `width` integer NULL, `height` integer NULL, `image` varchar(100) NOT NULL, `created` datetime(6) NOT NULL, `updated` datetime(6) NOT NULL); args=None
(0.001) SELECT engine FROM information_schema.tables WHERE table_name = 'commerce_picture'; args=['commerce_picture']
(0.000) SELECT engine FROM information_schema.tables WHERE table_name = 'commerce_picture'; args=['commerce_picture']
(0.000) SELECT engine FROM information_schema.tables WHERE table_name = 'commerce_picture'; args=['commerce_picture']
(0.000) SELECT engine FROM information_schema.tables WHERE table_name = 'commerce_picture'; args=['commerce_picture']
(0.000) SELECT engine FROM information_schema.tables WHERE table_name = 'commerce_picture'; args=['commerce_picture']
(0.000) SELECT engine FROM information_schema.tables WHERE table_name = 'commerce_picture'; args=['commerce_picture']
(0.000) SELECT engine FROM information_schema.tables WHERE table_name = 'commerce_picture'; args=['commerce_picture']
(0.000) SELECT engine FROM information_schema.tables WHERE table_name = 'commerce_picture'; args=['commerce_picture']
(0.000) SELECT engine FROM information_schema.tables WHERE table_name = 'commerce_picture'; args=['commerce_picture']
CREATE TABLE `commerce_pricerange` (`id` integer AUTO_INCREMENT NOT NULL PRIMARY KEY, `low` numeric(10, 3) NULL, `high` numeric(10, 3) NULL, `step` numeric(10, 3) NULL, `status` varchar(16) NOT NULL); (params None)
(0.012) CREATE TABLE `commerce_pricerange` (`id` integer AUTO_INCREMENT NOT NULL PRIMARY KEY, `low` numeric(10, 3) NULL, `high` numeric(10, 3) NULL, `step` numeric(10, 3) NULL, `status` varchar(16) NOT NULL); args=None
(0.001) SELECT engine FROM information_schema.tables WHERE table_name = 'commerce_pricerange'; args=['commerce_pricerange']
(0.000) SELECT engine FROM information_schema.tables WHERE table_name = 'commerce_pricerange'; args=['commerce_pricerange']
(0.000) SELECT engine FROM information_schema.tables WHERE table_name = 'commerce_pricerange'; args=['commerce_pricerange']
(0.000) SELECT engine FROM information_schema.tables WHERE table_name = 'commerce_pricerange'; args=['commerce_pricerange']
(0.000) SELECT engine FROM information_schema.tables WHERE table_name = 'commerce_pricerange'; args=['commerce_pricerange']
CREATE TABLE `commerce_product` (`id` integer AUTO_INCREMENT NOT NULL PRIMARY KEY, `name` varchar(255) NULL, `description` varchar(1000) NULL, `status` varchar(16) NOT NULL, `fpath` varchar(512) NULL, `price` numeric(10, 3) NULL, `currency` varchar(16) NOT NULL, `created` datetime(6) NOT NULL, `updated` datetime(6) NOT NULL); (params None)
(0.012) CREATE TABLE `commerce_product` (`id` integer AUTO_INCREMENT NOT NULL PRIMARY KEY, `name` varchar(255) NULL, `description` varchar(1000) NULL, `status` varchar(16) NOT NULL, `fpath` varchar(512) NULL, `price` numeric(10, 3) NULL, `currency` varchar(16) NOT NULL, `created` datetime(6) NOT NULL, `updated` datetime(6) NOT NULL); args=None
(0.002) SELECT engine FROM information_schema.tables WHERE table_name = 'commerce_product'; args=['commerce_product']
(0.000) SELECT engine FROM information_schema.tables WHERE table_name = 'commerce_product'; args=['commerce_product']
(0.000) SELECT engine FROM information_schema.tables WHERE table_name = 'commerce_product'; args=['commerce_product']
(0.000) SELECT engine FROM information_schema.tables WHERE table_name = 'commerce_product'; args=['commerce_product']
(0.000) SELECT engine FROM information_schema.tables WHERE table_name = 'commerce_product'; args=['commerce_product']
(0.000) SELECT engine FROM information_schema.tables WHERE table_name = 'commerce_product'; args=['commerce_product']
(0.000) SELECT engine FROM information_schema.tables WHERE table_name = 'commerce_product'; args=['commerce_product']
(0.000) SELECT engine FROM information_schema.tables WHERE table_name = 'commerce_product'; args=['commerce_product']
(0.000) SELECT engine FROM information_schema.tables WHERE table_name = 'commerce_product'; args=['commerce_product']
CREATE TABLE `commerce_product_categories` (`id` integer AUTO_INCREMENT NOT NULL PRIMARY KEY, `product_id` integer NOT NULL, `category_id` integer NOT NULL); (params None)
(0.013) CREATE TABLE `commerce_product_categories` (`id` integer AUTO_INCREMENT NOT NULL PRIMARY KEY, `product_id` integer NOT NULL, `category_id` integer NOT NULL); args=None
(0.001) SELECT engine FROM information_schema.tables WHERE table_name = 'commerce_product_categories'; args=['commerce_product_categories']
(0.000) SELECT engine FROM information_schema.tables WHERE table_name = 'commerce_product_categories'; args=['commerce_product_categories']
(0.000) SELECT engine FROM information_schema.tables WHERE table_name = 'commerce_product_categories'; args=['commerce_product_categories']
CREATE TABLE `commerce_restaurant` (`id` integer AUTO_INCREMENT NOT NULL PRIMARY KEY, `name` varchar(255) NULL, `description` varchar(800) NULL, `created` datetime(6) NOT NULL, `updated` datetime(6) NOT NULL, `address_id` integer NULL); (params None)
(0.012) CREATE TABLE `commerce_restaurant` (`id` integer AUTO_INCREMENT NOT NULL PRIMARY KEY, `name` varchar(255) NULL, `description` varchar(800) NULL, `created` datetime(6) NOT NULL, `updated` datetime(6) NOT NULL, `address_id` integer NULL); args=None
(0.002) SELECT engine FROM information_schema.tables WHERE table_name = 'commerce_restaurant'; args=['commerce_restaurant']
(0.000) SELECT engine FROM information_schema.tables WHERE table_name = 'commerce_restaurant'; args=['commerce_restaurant']
(0.000) SELECT engine FROM information_schema.tables WHERE table_name = 'commerce_restaurant'; args=['commerce_restaurant']
(0.000) SELECT engine FROM information_schema.tables WHERE table_name = 'commerce_restaurant'; args=['commerce_restaurant']
(0.000) SELECT engine FROM information_schema.tables WHERE table_name = 'commerce_restaurant'; args=['commerce_restaurant']
(0.000) SELECT engine FROM information_schema.tables WHERE table_name = 'commerce_restaurant'; args=['commerce_restaurant']
CREATE TABLE `commerce_style` (`id` integer AUTO_INCREMENT NOT NULL PRIMARY KEY, `name` varchar(128) NULL, `description` varchar(500) NULL, `created` datetime(6) NOT NULL, `updated` datetime(6) NOT NULL); (params None)
(0.012) CREATE TABLE `commerce_style` (`id` integer AUTO_INCREMENT NOT NULL PRIMARY KEY, `name` varchar(128) NULL, `description` varchar(500) NULL, `created` datetime(6) NOT NULL, `updated` datetime(6) NOT NULL); args=None
(0.001) SELECT engine FROM information_schema.tables WHERE table_name = 'commerce_style'; args=['commerce_style']
(0.000) SELECT engine FROM information_schema.tables WHERE table_name = 'commerce_style'; args=['commerce_style']
(0.000) SELECT engine FROM information_schema.tables WHERE table_name = 'commerce_style'; args=['commerce_style']
(0.000) SELECT engine FROM information_schema.tables WHERE table_name = 'commerce_style'; args=['commerce_style']
(0.000) SELECT engine FROM information_schema.tables WHERE table_name = 'commerce_style'; args=['commerce_style']
ALTER TABLE `commerce_product` ADD COLUMN `restaurant_id` integer NULL; (params [])
(0.015) ALTER TABLE `commerce_product` ADD COLUMN `restaurant_id` integer NULL; args=[]
(0.000) SELECT engine FROM information_schema.tables WHERE table_name = 'commerce_product'; args=['commerce_product']
ALTER TABLE `commerce_picture` ADD COLUMN `product_id` integer NULL; (params [])
(0.011) ALTER TABLE `commerce_picture` ADD COLUMN `product_id` integer NULL; args=[]
(0.001) SELECT engine FROM information_schema.tables WHERE table_name = 'commerce_picture'; args=['commerce_picture']
ALTER TABLE `commerce_orderitem` ADD COLUMN `product_id` integer NULL; (params [])
(0.011) ALTER TABLE `commerce_orderitem` ADD COLUMN `product_id` integer NULL; args=[]
(0.001) SELECT engine FROM information_schema.tables WHERE table_name = 'commerce_orderitem'; args=['commerce_orderitem']
ALTER TABLE `commerce_favoriteproduct` ADD COLUMN `product_id` integer NULL; (params [])
(0.011) ALTER TABLE `commerce_favoriteproduct` ADD COLUMN `product_id` integer NULL; args=[]
(0.001) SELECT engine FROM information_schema.tables WHERE table_name = 'commerce_favoriteproduct'; args=['commerce_favoriteproduct']
ALTER TABLE `commerce_favoriteproduct` ADD COLUMN `user_id` integer NULL; (params [])
(0.013) ALTER TABLE `commerce_favoriteproduct` ADD COLUMN `user_id` integer NULL; args=[]
(0.000) SELECT engine FROM information_schema.tables WHERE table_name = 'commerce_favoriteproduct'; args=['commerce_favoriteproduct']
ALTER TABLE `commerce_cartitem` ADD COLUMN `product_id` integer NULL; (params [])
(0.014) ALTER TABLE `commerce_cartitem` ADD COLUMN `product_id` integer NULL; args=[]
(0.001) SELECT engine FROM information_schema.tables WHERE table_name = 'commerce_cartitem'; args=['commerce_cartitem']
ALTER TABLE `commerce_cart` ADD CONSTRAINT `commerce_cart_user_id_09f4d0bc_fk_account_user_id` FOREIGN KEY (`user_id`) REFERENCES `account_user` (`id`); (params ())
(0.015) ALTER TABLE `commerce_cart` ADD CONSTRAINT `commerce_cart_user_id_09f4d0bc_fk_account_user_id` FOREIGN KEY (`user_id`) REFERENCES `account_user` (`id`); args=()
ALTER TABLE `commerce_cartitem` ADD CONSTRAINT `commerce_cartitem_cart_id_443b99d0_fk_commerce_cart_id` FOREIGN KEY (`cart_id`) REFERENCES `commerce_cart` (`id`); (params ())
(0.019) ALTER TABLE `commerce_cartitem` ADD CONSTRAINT `commerce_cartitem_cart_id_443b99d0_fk_commerce_cart_id` FOREIGN KEY (`cart_id`) REFERENCES `commerce_cart` (`id`); args=()
ALTER TABLE `commerce_order` ADD CONSTRAINT `commerce_order_user_id_3f7ff6c0_fk_account_user_id` FOREIGN KEY (`user_id`) REFERENCES `account_user` (`id`); (params ())
(0.012) ALTER TABLE `commerce_order` ADD CONSTRAINT `commerce_order_user_id_3f7ff6c0_fk_account_user_id` FOREIGN KEY (`user_id`) REFERENCES `account_user` (`id`); args=()
ALTER TABLE `commerce_orderitem` ADD CONSTRAINT `commerce_orderitem_order_id_c812b8bd_fk_commerce_order_id` FOREIGN KEY (`order_id`) REFERENCES `commerce_order` (`id`); (params ())
(0.011) ALTER TABLE `commerce_orderitem` ADD CONSTRAINT `commerce_orderitem_order_id_c812b8bd_fk_commerce_order_id` FOREIGN KEY (`order_id`) REFERENCES `commerce_order` (`id`); args=()
ALTER TABLE `commerce_product_categories` ADD CONSTRAINT `commerce_product_cat_product_id_813126ce_fk_commerce_` FOREIGN KEY (`product_id`) REFERENCES `commerce_product` (`id`); (params ())
(0.015) ALTER TABLE `commerce_product_categories` ADD CONSTRAINT `commerce_product_cat_product_id_813126ce_fk_commerce_` FOREIGN KEY (`product_id`) REFERENCES `commerce_product` (`id`); args=()
ALTER TABLE `commerce_product_categories` ADD CONSTRAINT `commerce_product_cat_category_id_166d02ef_fk_commerce_` FOREIGN KEY (`category_id`) REFERENCES `commerce_category` (`id`); (params ())
(0.020) ALTER TABLE `commerce_product_categories` ADD CONSTRAINT `commerce_product_cat_category_id_166d02ef_fk_commerce_` FOREIGN KEY (`category_id`) REFERENCES `commerce_category` (`id`); args=()
ALTER TABLE `commerce_product_categories` ADD CONSTRAINT commerce_product_categories_product_id_category_id_b43eec7e_uniq UNIQUE (`product_id`, `category_id`); (params ())
(0.012) ALTER TABLE `commerce_product_categories` ADD CONSTRAINT commerce_product_categories_product_id_category_id_b43eec7e_uniq UNIQUE (`product_id`, `category_id`); args=()
ALTER TABLE `commerce_restaurant` ADD CONSTRAINT `commerce_restaurant_address_id_22692f90_fk_account_address_id` FOREIGN KEY (`address_id`) REFERENCES `account_address` (`id`); (params ())
(0.013) ALTER TABLE `commerce_restaurant` ADD CONSTRAINT `commerce_restaurant_address_id_22692f90_fk_account_address_id` FOREIGN KEY (`address_id`) REFERENCES `account_address` (`id`); args=()
ALTER TABLE `commerce_product` ADD CONSTRAINT `commerce_product_restaurant_id_79db3456_fk_commerce_` FOREIGN KEY (`restaurant_id`) REFERENCES `commerce_restaurant` (`id`); (params ())
(0.014) ALTER TABLE `commerce_product` ADD CONSTRAINT `commerce_product_restaurant_id_79db3456_fk_commerce_` FOREIGN KEY (`restaurant_id`) REFERENCES `commerce_restaurant` (`id`); args=()
ALTER TABLE `commerce_picture` ADD CONSTRAINT `commerce_picture_product_id_94f173b4_fk_commerce_product_id` FOREIGN KEY (`product_id`) REFERENCES `commerce_product` (`id`); (params ())
(0.012) ALTER TABLE `commerce_picture` ADD CONSTRAINT `commerce_picture_product_id_94f173b4_fk_commerce_product_id` FOREIGN KEY (`product_id`) REFERENCES `commerce_product` (`id`); args=()
ALTER TABLE `commerce_orderitem` ADD CONSTRAINT `commerce_orderitem_product_id_eeb6e678_fk_commerce_product_id` FOREIGN KEY (`product_id`) REFERENCES `commerce_product` (`id`); (params ())
(0.015) ALTER TABLE `commerce_orderitem` ADD CONSTRAINT `commerce_orderitem_product_id_eeb6e678_fk_commerce_product_id` FOREIGN KEY (`product_id`) REFERENCES `commerce_product` (`id`); args=()
ALTER TABLE `commerce_favoriteproduct` ADD CONSTRAINT `commerce_favoritepro_product_id_f6c5f2c3_fk_commerce_` FOREIGN KEY (`product_id`) REFERENCES `commerce_product` (`id`); (params ())
(0.010) ALTER TABLE `commerce_favoriteproduct` ADD CONSTRAINT `commerce_favoritepro_product_id_f6c5f2c3_fk_commerce_` FOREIGN KEY (`product_id`) REFERENCES `commerce_product` (`id`); args=()
ALTER TABLE `commerce_favoriteproduct` ADD CONSTRAINT `commerce_favoriteproduct_user_id_59212d43_fk_account_user_id` FOREIGN KEY (`user_id`) REFERENCES `account_user` (`id`); (params ())
(0.016) ALTER TABLE `commerce_favoriteproduct` ADD CONSTRAINT `commerce_favoriteproduct_user_id_59212d43_fk_account_user_id` FOREIGN KEY (`user_id`) REFERENCES `account_user` (`id`); args=()
ALTER TABLE `commerce_cartitem` ADD CONSTRAINT `commerce_cartitem_product_id_b5e5d2ec_fk_commerce_product_id` FOREIGN KEY (`product_id`) REFERENCES `commerce_product` (`id`); (params ())
(0.013) ALTER TABLE `commerce_cartitem` ADD CONSTRAINT `commerce_cartitem_product_id_b5e5d2ec_fk_commerce_product_id` FOREIGN KEY (`product_id`) REFERENCES `commerce_product` (`id`); args=()
(0.001) SHOW FULL TABLES; args=None
(0.000) INSERT INTO `django_migrations` (`app`, `name`, `applied`) VALUES ('commerce', '0001_initial', '2018-05-27 03:02:59.643713'); args=['commerce', '0001_initial', '2018-05-27 03:02:59.643713']
CREATE TABLE `django_session` (`session_key` varchar(40) NOT NULL PRIMARY KEY, `session_data` longtext NOT NULL, `expire_date` datetime(6) NOT NULL); (params None)
(0.009) CREATE TABLE `django_session` (`session_key` varchar(40) NOT NULL PRIMARY KEY, `session_data` longtext NOT NULL, `expire_date` datetime(6) NOT NULL); args=None
(0.001) SELECT engine FROM information_schema.tables WHERE table_name = 'django_session'; args=['django_session']
(0.000) SELECT engine FROM information_schema.tables WHERE table_name = 'django_session'; args=['django_session']
(0.000) SELECT engine FROM information_schema.tables WHERE table_name = 'django_session'; args=['django_session']
CREATE INDEX `django_session_expire_date_a5c62663` ON `django_session` (`expire_date`); (params ())
(0.012) CREATE INDEX `django_session_expire_date_a5c62663` ON `django_session` (`expire_date`); args=()
(0.001) SHOW FULL TABLES; args=None
(0.000) INSERT INTO `django_migrations` (`app`, `name`, `applied`) VALUES ('sessions', '0001_initial', '2018-05-27 03:02:59.670411'); args=['sessions', '0001_initial', '2018-05-27 03:02:59.670411']
(0.001) SHOW FULL TABLES; args=None
(0.000) SELECT `django_migrations`.`app`, `django_migrations`.`name` FROM `django_migrations`; args=()
(0.000) SELECT `django_content_type`.`id`, `django_content_type`.`app_label`, `django_content_type`.`model` FROM `django_content_type` WHERE (`django_content_type`.`app_label` = 'account' AND `django_content_type`.`model` = 'user'); args=('account', 'user')
(0.000) SELECT `django_content_type`.`id`, `django_content_type`.`app_label`, `django_content_type`.`model` FROM `django_content_type` WHERE (`django_content_type`.`app_label` = 'account' AND `django_content_type`.`model` = 'user'); args=('account', 'user')
(0.000) INSERT INTO `django_content_type` (`app_label`, `model`) VALUES ('account', 'user'); args=['account', 'user']
(0.000) SELECT `django_content_type`.`id`, `django_content_type`.`app_label`, `django_content_type`.`model` FROM `django_content_type` WHERE (`django_content_type`.`app_label` = 'account' AND `django_content_type`.`model` = 'address'); args=('account', 'address')
(0.000) SELECT `django_content_type`.`id`, `django_content_type`.`app_label`, `django_content_type`.`model` FROM `django_content_type` WHERE (`django_content_type`.`app_label` = 'account' AND `django_content_type`.`model` = 'address'); args=('account', 'address')
(0.000) INSERT INTO `django_content_type` (`app_label`, `model`) VALUES ('account', 'address'); args=['account', 'address']
(0.000) SELECT `django_content_type`.`id`, `django_content_type`.`app_label`, `django_content_type`.`model` FROM `django_content_type` WHERE (`django_content_type`.`app_label` = 'account' AND `django_content_type`.`model` = 'city'); args=('account', 'city')
(0.000) SELECT `django_content_type`.`id`, `django_content_type`.`app_label`, `django_content_type`.`model` FROM `django_content_type` WHERE (`django_content_type`.`app_label` = 'account' AND `django_content_type`.`model` = 'city'); args=('account', 'city')
(0.000) INSERT INTO `django_content_type` (`app_label`, `model`) VALUES ('account', 'city'); args=['account', 'city']
(0.000) SELECT `django_content_type`.`id`, `django_content_type`.`app_label`, `django_content_type`.`model` FROM `django_content_type` WHERE (`django_content_type`.`app_label` = 'account' AND `django_content_type`.`model` = 'feedback'); args=('account', 'feedback')
(0.000) SELECT `django_content_type`.`id`, `django_content_type`.`app_label`, `django_content_type`.`model` FROM `django_content_type` WHERE (`django_content_type`.`app_label` = 'account' AND `django_content_type`.`model` = 'feedback'); args=('account', 'feedback')
(0.000) INSERT INTO `django_content_type` (`app_label`, `model`) VALUES ('account', 'feedback'); args=['account', 'feedback']
(0.000) SELECT `django_content_type`.`id`, `django_content_type`.`app_label`, `django_content_type`.`model` FROM `django_content_type` WHERE (`django_content_type`.`app_label` = 'account' AND `django_content_type`.`model` = 'profile'); args=('account', 'profile')
(0.000) SELECT `django_content_type`.`id`, `django_content_type`.`app_label`, `django_content_type`.`model` FROM `django_content_type` WHERE (`django_content_type`.`app_label` = 'account' AND `django_content_type`.`model` = 'profile'); args=('account', 'profile')
(0.000) INSERT INTO `django_content_type` (`app_label`, `model`) VALUES ('account', 'profile'); args=['account', 'profile']
(0.000) SELECT `django_content_type`.`id`, `django_content_type`.`app_label`, `django_content_type`.`model` FROM `django_content_type` WHERE (`django_content_type`.`app_label` = 'account' AND `django_content_type`.`model` = 'province'); args=('account', 'province')
(0.000) SELECT `django_content_type`.`id`, `django_content_type`.`app_label`, `django_content_type`.`model` FROM `django_content_type` WHERE (`django_content_type`.`app_label` = 'account' AND `django_content_type`.`model` = 'province'); args=('account', 'province')
(0.000) INSERT INTO `django_content_type` (`app_label`, `model`) VALUES ('account', 'province'); args=['account', 'province']
(0.003) SELECT `auth_permission`.`content_type_id`, `auth_permission`.`codename` FROM `auth_permission` INNER JOIN `django_content_type` ON (`auth_permission`.`content_type_id` = `django_content_type`.`id`) WHERE `auth_permission`.`content_type_id` IN (1, 2, 3, 4, 5, 6) ORDER BY `django_content_type`.`app_label` ASC, `django_content_type`.`model` ASC, `auth_permission`.`codename` ASC; args=(1, 2, 3, 4, 5, 6)
(0.001) INSERT INTO `auth_permission` (`name`, `content_type_id`, `codename`) VALUES ('Can add user', 1, 'add_user'), ('Can change user', 1, 'change_user'), ('Can delete user', 1, 'delete_user'), ('Can add address', 2, 'add_address'), ('Can change address', 2, 'change_address'), ('Can delete address', 2, 'delete_address'), ('Can add city', 3, 'add_city'), ('Can change city', 3, 'change_city'), ('Can delete city', 3, 'delete_city'), ('Can add feedback', 4, 'add_feedback'), ('Can change feedback', 4, 'change_feedback'), ('Can delete feedback', 4, 'delete_feedback'), ('Can add profile', 5, 'add_profile'), ('Can change profile', 5, 'change_profile'), ('Can delete profile', 5, 'delete_profile'), ('Can add province', 6, 'add_province'), ('Can change province', 6, 'change_province'), ('Can delete province', 6, 'delete_province'); args=('Can add user', 1, 'add_user', 'Can change user', 1, 'change_user', 'Can delete user', 1, 'delete_user', 'Can add address', 2, 'add_address', 'Can change address', 2, 'change_address', 'Can delete address', 2, 'delete_address', 'Can add city', 3, 'add_city', 'Can change city', 3, 'change_city', 'Can delete city', 3, 'delete_city', 'Can add feedback', 4, 'add_feedback', 'Can change feedback', 4, 'change_feedback', 'Can delete feedback', 4, 'delete_feedback', 'Can add profile', 5, 'add_profile', 'Can change profile', 5, 'change_profile', 'Can delete profile', 5, 'delete_profile', 'Can add province', 6, 'add_province', 'Can change province', 6, 'change_province', 'Can delete province', 6, 'delete_province')
(0.000) SELECT `django_content_type`.`id`, `django_content_type`.`app_label`, `django_content_type`.`model` FROM `django_content_type` WHERE `django_content_type`.`app_label` = 'account'; args=('account',)
(0.000) SELECT `django_content_type`.`id`, `django_content_type`.`app_label`, `django_content_type`.`model` FROM `django_content_type` WHERE (`django_content_type`.`app_label` = 'commerce' AND `django_content_type`.`model` = 'cart'); args=('commerce', 'cart')
(0.000) SELECT `django_content_type`.`id`, `django_content_type`.`app_label`, `django_content_type`.`model` FROM `django_content_type` WHERE (`django_content_type`.`app_label` = 'commerce' AND `django_content_type`.`model` = 'cart'); args=('commerce', 'cart')
(0.000) INSERT INTO `django_content_type` (`app_label`, `model`) VALUES ('commerce', 'cart'); args=['commerce', 'cart']
(0.000) SELECT `django_content_type`.`id`, `django_content_type`.`app_label`, `django_content_type`.`model` FROM `django_content_type` WHERE (`django_content_type`.`app_label` = 'commerce' AND `django_content_type`.`model` = 'cartitem'); args=('commerce', 'cartitem')
(0.000) SELECT `django_content_type`.`id`, `django_content_type`.`app_label`, `django_content_type`.`model` FROM `django_content_type` WHERE (`django_content_type`.`app_label` = 'commerce' AND `django_content_type`.`model` = 'cartitem'); args=('commerce', 'cartitem')
(0.000) INSERT INTO `django_content_type` (`app_label`, `model`) VALUES ('commerce', 'cartitem'); args=['commerce', 'cartitem']
(0.000) SELECT `django_content_type`.`id`, `django_content_type`.`app_label`, `django_content_type`.`model` FROM `django_content_type` WHERE (`django_content_type`.`app_label` = 'commerce' AND `django_content_type`.`model` = 'category'); args=('commerce', 'category')
(0.000) SELECT `django_content_type`.`id`, `django_content_type`.`app_label`, `django_content_type`.`model` FROM `django_content_type` WHERE (`django_content_type`.`app_label` = 'commerce' AND `django_content_type`.`model` = 'category'); args=('commerce', 'category')
(0.000) INSERT INTO `django_content_type` (`app_label`, `model`) VALUES ('commerce', 'category'); args=['commerce', 'category']
(0.000) SELECT `django_content_type`.`id`, `django_content_type`.`app_label`, `django_content_type`.`model` FROM `django_content_type` WHERE (`django_content_type`.`app_label` = 'commerce' AND `django_content_type`.`model` = 'favoriteproduct'); args=('commerce', 'favoriteproduct')
(0.000) SELECT `django_content_type`.`id`, `django_content_type`.`app_label`, `django_content_type`.`model` FROM `django_content_type` WHERE (`django_content_type`.`app_label` = 'commerce' AND `django_content_type`.`model` = 'favoriteproduct'); args=('commerce', 'favoriteproduct')
(0.000) INSERT INTO `django_content_type` (`app_label`, `model`) VALUES ('commerce', 'favoriteproduct'); args=['commerce', 'favoriteproduct']
(0.000) SELECT `django_content_type`.`id`, `django_content_type`.`app_label`, `django_content_type`.`model` FROM `django_content_type` WHERE (`django_content_type`.`app_label` = 'commerce' AND `django_content_type`.`model` = 'order'); args=('commerce', 'order')
(0.000) SELECT `django_content_type`.`id`, `django_content_type`.`app_label`, `django_content_type`.`model` FROM `django_content_type` WHERE (`django_content_type`.`app_label` = 'commerce' AND `django_content_type`.`model` = 'order'); args=('commerce', 'order')
(0.000) INSERT INTO `django_content_type` (`app_label`, `model`) VALUES ('commerce', 'order'); args=['commerce', 'order']
(0.000) SELECT `django_content_type`.`id`, `django_content_type`.`app_label`, `django_content_type`.`model` FROM `django_content_type` WHERE (`django_content_type`.`app_label` = 'commerce' AND `django_content_type`.`model` = 'orderitem'); args=('commerce', 'orderitem')
(0.000) SELECT `django_content_type`.`id`, `django_content_type`.`app_label`, `django_content_type`.`model` FROM `django_content_type` WHERE (`django_content_type`.`app_label` = 'commerce' AND `django_content_type`.`model` = 'orderitem'); args=('commerce', 'orderitem')
(0.000) INSERT INTO `django_content_type` (`app_label`, `model`) VALUES ('commerce', 'orderitem'); args=['commerce', 'orderitem']
(0.000) SELECT `django_content_type`.`id`, `django_content_type`.`app_label`, `django_content_type`.`model` FROM `django_content_type` WHERE (`django_content_type`.`app_label` = 'commerce' AND `django_content_type`.`model` = 'picture'); args=('commerce', 'picture')
(0.000) SELECT `django_content_type`.`id`, `django_content_type`.`app_label`, `django_content_type`.`model` FROM `django_content_type` WHERE (`django_content_type`.`app_label` = 'commerce' AND `django_content_type`.`model` = 'picture'); args=('commerce', 'picture')
(0.000) INSERT INTO `django_content_type` (`app_label`, `model`) VALUES ('commerce', 'picture'); args=['commerce', 'picture']
(0.000) SELECT `django_content_type`.`id`, `django_content_type`.`app_label`, `django_content_type`.`model` FROM `django_content_type` WHERE (`django_content_type`.`app_label` = 'commerce' AND `django_content_type`.`model` = 'pricerange'); args=('commerce', 'pricerange')
(0.000) SELECT `django_content_type`.`id`, `django_content_type`.`app_label`, `django_content_type`.`model` FROM `django_content_type` WHERE (`django_content_type`.`app_label` = 'commerce' AND `django_content_type`.`model` = 'pricerange'); args=('commerce', 'pricerange')
(0.000) INSERT INTO `django_content_type` (`app_label`, `model`) VALUES ('commerce', 'pricerange'); args=['commerce', 'pricerange']
(0.000) SELECT `django_content_type`.`id`, `django_content_type`.`app_label`, `django_content_type`.`model` FROM `django_content_type` WHERE (`django_content_type`.`app_label` = 'commerce' AND `django_content_type`.`model` = 'product'); args=('commerce', 'product')
(0.000) SELECT `django_content_type`.`id`, `django_content_type`.`app_label`, `django_content_type`.`model` FROM `django_content_type` WHERE (`django_content_type`.`app_label` = 'commerce' AND `django_content_type`.`model` = 'product'); args=('commerce', 'product')
(0.000) INSERT INTO `django_content_type` (`app_label`, `model`) VALUES ('commerce', 'product'); args=['commerce', 'product']
(0.000) SELECT `django_content_type`.`id`, `django_content_type`.`app_label`, `django_content_type`.`model` FROM `django_content_type` WHERE (`django_content_type`.`app_label` = 'commerce' AND `django_content_type`.`model` = 'restaurant'); args=('commerce', 'restaurant')
(0.000) SELECT `django_content_type`.`id`, `django_content_type`.`app_label`, `django_content_type`.`model` FROM `django_content_type` WHERE (`django_content_type`.`app_label` = 'commerce' AND `django_content_type`.`model` = 'restaurant'); args=('commerce', 'restaurant')
(0.000) INSERT INTO `django_content_type` (`app_label`, `model`) VALUES ('commerce', 'restaurant'); args=['commerce', 'restaurant']
(0.000) SELECT `django_content_type`.`id`, `django_content_type`.`app_label`, `django_content_type`.`model` FROM `django_content_type` WHERE (`django_content_type`.`app_label` = 'commerce' AND `django_content_type`.`model` = 'style'); args=('commerce', 'style')
(0.000) SELECT `django_content_type`.`id`, `django_content_type`.`app_label`, `django_content_type`.`model` FROM `django_content_type` WHERE (`django_content_type`.`app_label` = 'commerce' AND `django_content_type`.`model` = 'style'); args=('commerce', 'style')
(0.000) INSERT INTO `django_content_type` (`app_label`, `model`) VALUES ('commerce', 'style'); args=['commerce', 'style']
(0.000) SELECT `auth_permission`.`content_type_id`, `auth_permission`.`codename` FROM `auth_permission` INNER JOIN `django_content_type` ON (`auth_permission`.`content_type_id` = `django_content_type`.`id`) WHERE `auth_permission`.`content_type_id` IN (7, 8, 9, 10, 11, 12, 13, 14, 15, 16, 17) ORDER BY `django_content_type`.`app_label` ASC, `django_content_type`.`model` ASC, `auth_permission`.`codename` ASC; args=(7, 8, 9, 10, 11, 12, 13, 14, 15, 16, 17)
(0.001) INSERT INTO `auth_permission` (`name`, `content_type_id`, `codename`) VALUES ('Can add cart', 7, 'add_cart'), ('Can change cart', 7, 'change_cart'), ('Can delete cart', 7, 'delete_cart'), ('Can add cart item', 8, 'add_cartitem'), ('Can change cart item', 8, 'change_cartitem'), ('Can delete cart item', 8, 'delete_cartitem'), ('Can add category', 9, 'add_category'), ('Can change category', 9, 'change_category'), ('Can delete category', 9, 'delete_category'), ('Can add favorite product', 10, 'add_favoriteproduct'), ('Can change favorite product', 10, 'change_favoriteproduct'), ('Can delete favorite product', 10, 'delete_favoriteproduct'), ('Can add order', 11, 'add_order'), ('Can change order', 11, 'change_order'), ('Can delete order', 11, 'delete_order'), ('Can add order item', 12, 'add_orderitem'), ('Can change order item', 12, 'change_orderitem'), ('Can delete order item', 12, 'delete_orderitem'), ('Can add picture', 13, 'add_picture'), ('Can change picture', 13, 'change_picture'), ('Can delete picture', 13, 'delete_picture'), ('Can add price range', 14, 'add_pricerange'), ('Can change price range', 14, 'change_pricerange'), ('Can delete price range', 14, 'delete_pricerange'), ('Can add product', 15, 'add_product'), ('Can change product', 15, 'change_product'), ('Can delete product', 15, 'delete_product'), ('Can add restaurant', 16, 'add_restaurant'), ('Can change restaurant', 16, 'change_restaurant'), ('Can delete restaurant', 16, 'delete_restaurant'), ('Can add style', 17, 'add_style'), ('Can change style', 17, 'change_style'), ('Can delete style', 17, 'delete_style'); args=('Can add cart', 7, 'add_cart', 'Can change cart', 7, 'change_cart', 'Can delete cart', 7, 'delete_cart', 'Can add cart item', 8, 'add_cartitem', 'Can change cart item', 8, 'change_cartitem', 'Can delete cart item', 8, 'delete_cartitem', 'Can add category', 9, 'add_category', 'Can change category', 9, 'change_category', 'Can delete category', 9, 'delete_category', 'Can add favorite product', 10, 'add_favoriteproduct', 'Can change favorite product', 10, 'change_favoriteproduct', 'Can delete favorite product', 10, 'delete_favoriteproduct', 'Can add order', 11, 'add_order', 'Can change order', 11, 'change_order', 'Can delete order', 11, 'delete_order', 'Can add order item', 12, 'add_orderitem', 'Can change order item', 12, 'change_orderitem', 'Can delete order item', 12, 'delete_orderitem', 'Can add picture', 13, 'add_picture', 'Can change picture', 13, 'change_picture', 'Can delete picture', 13, 'delete_picture', 'Can add price range', 14, 'add_pricerange', 'Can change price range', 14, 'change_pricerange', 'Can delete price range', 14, 'delete_pricerange', 'Can add product', 15, 'add_product', 'Can change product', 15, 'change_product', 'Can delete product', 15, 'delete_product', 'Can add restaurant', 16, 'add_restaurant', 'Can change restaurant', 16, 'change_restaurant', 'Can delete restaurant', 16, 'delete_restaurant', 'Can add style', 17, 'add_style', 'Can change style', 17, 'change_style', 'Can delete style', 17, 'delete_style')
(0.000) SELECT `django_content_type`.`id`, `django_content_type`.`app_label`, `django_content_type`.`model` FROM `django_content_type` WHERE `django_content_type`.`app_label` = 'commerce'; args=('commerce',)
(0.000) SELECT `django_content_type`.`id`, `django_content_type`.`app_label`, `django_content_type`.`model` FROM `django_content_type` WHERE (`django_content_type`.`app_label` = 'blog' AND `django_content_type`.`model` = 'post'); args=('blog', 'post')
(0.000) SELECT `django_content_type`.`id`, `django_content_type`.`app_label`, `django_content_type`.`model` FROM `django_content_type` WHERE (`django_content_type`.`app_label` = 'blog' AND `django_content_type`.`model` = 'post'); args=('blog', 'post')
(0.000) INSERT INTO `django_content_type` (`app_label`, `model`) VALUES ('blog', 'post'); args=['blog', 'post']
(0.000) SELECT `django_content_type`.`id`, `django_content_type`.`app_label`, `django_content_type`.`model` FROM `django_content_type` WHERE (`django_content_type`.`app_label` = 'blog' AND `django_content_type`.`model` = 'comment'); args=('blog', 'comment')
(0.000) SELECT `django_content_type`.`id`, `django_content_type`.`app_label`, `django_content_type`.`model` FROM `django_content_type` WHERE (`django_content_type`.`app_label` = 'blog' AND `django_content_type`.`model` = 'comment'); args=('blog', 'comment')
(0.000) INSERT INTO `django_content_type` (`app_label`, `model`) VALUES ('blog', 'comment'); args=['blog', 'comment']
(0.000) SELECT `auth_permission`.`content_type_id`, `auth_permission`.`codename` FROM `auth_permission` INNER JOIN `django_content_type` ON (`auth_permission`.`content_type_id` = `django_content_type`.`id`) WHERE `auth_permission`.`content_type_id` IN (18, 19) ORDER BY `django_content_type`.`app_label` ASC, `django_content_type`.`model` ASC, `auth_permission`.`codename` ASC; args=(18, 19)
(0.000) INSERT INTO `auth_permission` (`name`, `content_type_id`, `codename`) VALUES ('Can add post', 18, 'add_post'), ('Can change post', 18, 'change_post'), ('Can delete post', 18, 'delete_post'), ('Can add comment', 19, 'add_comment'), ('Can change comment', 19, 'change_comment'), ('Can delete comment', 19, 'delete_comment'); args=('Can add post', 18, 'add_post', 'Can change post', 18, 'change_post', 'Can delete post', 18, 'delete_post', 'Can add comment', 19, 'add_comment', 'Can change comment', 19, 'change_comment', 'Can delete comment', 19, 'delete_comment')
(0.000) SELECT `django_content_type`.`id`, `django_content_type`.`app_label`, `django_content_type`.`model` FROM `django_content_type` WHERE `django_content_type`.`app_label` = 'blog'; args=('blog',)
(0.000) SELECT `django_content_type`.`id`, `django_content_type`.`app_label`, `django_content_type`.`model` FROM `django_content_type` WHERE (`django_content_type`.`app_label` = 'admin' AND `django_content_type`.`model` = 'logentry'); args=('admin', 'logentry')
(0.000) SELECT `django_content_type`.`id`, `django_content_type`.`app_label`, `django_content_type`.`model` FROM `django_content_type` WHERE (`django_content_type`.`app_label` = 'admin' AND `django_content_type`.`model` = 'logentry'); args=('admin', 'logentry')
(0.000) INSERT INTO `django_content_type` (`app_label`, `model`) VALUES ('admin', 'logentry'); args=['admin', 'logentry']
(0.000) SELECT `auth_permission`.`content_type_id`, `auth_permission`.`codename` FROM `auth_permission` INNER JOIN `django_content_type` ON (`auth_permission`.`content_type_id` = `django_content_type`.`id`) WHERE `auth_permission`.`content_type_id` IN (20) ORDER BY `django_content_type`.`app_label` ASC, `django_content_type`.`model` ASC, `auth_permission`.`codename` ASC; args=(20,)
(0.000) INSERT INTO `auth_permission` (`name`, `content_type_id`, `codename`) VALUES ('Can add log entry', 20, 'add_logentry'), ('Can change log entry', 20, 'change_logentry'), ('Can delete log entry', 20, 'delete_logentry'); args=('Can add log entry', 20, 'add_logentry', 'Can change log entry', 20, 'change_logentry', 'Can delete log entry', 20, 'delete_logentry')
(0.000) SELECT `django_content_type`.`id`, `django_content_type`.`app_label`, `django_content_type`.`model` FROM `django_content_type` WHERE `django_content_type`.`app_label` = 'admin'; args=('admin',)
(0.000) SELECT `django_content_type`.`id`, `django_content_type`.`app_label`, `django_content_type`.`model` FROM `django_content_type` WHERE (`django_content_type`.`app_label` = 'auth' AND `django_content_type`.`model` = 'permission'); args=('auth', 'permission')
(0.000) SELECT `django_content_type`.`id`, `django_content_type`.`app_label`, `django_content_type`.`model` FROM `django_content_type` WHERE (`django_content_type`.`app_label` = 'auth' AND `django_content_type`.`model` = 'permission'); args=('auth', 'permission')
(0.000) INSERT INTO `django_content_type` (`app_label`, `model`) VALUES ('auth', 'permission'); args=['auth', 'permission']
(0.000) SELECT `django_content_type`.`id`, `django_content_type`.`app_label`, `django_content_type`.`model` FROM `django_content_type` WHERE (`django_content_type`.`app_label` = 'auth' AND `django_content_type`.`model` = 'group'); args=('auth', 'group')
(0.000) SELECT `django_content_type`.`id`, `django_content_type`.`app_label`, `django_content_type`.`model` FROM `django_content_type` WHERE (`django_content_type`.`app_label` = 'auth' AND `django_content_type`.`model` = 'group'); args=('auth', 'group')
(0.000) INSERT INTO `django_content_type` (`app_label`, `model`) VALUES ('auth', 'group'); args=['auth', 'group']
(0.000) SELECT `auth_permission`.`content_type_id`, `auth_permission`.`codename` FROM `auth_permission` INNER JOIN `django_content_type` ON (`auth_permission`.`content_type_id` = `django_content_type`.`id`) WHERE `auth_permission`.`content_type_id` IN (21, 22) ORDER BY `django_content_type`.`app_label` ASC, `django_content_type`.`model` ASC, `auth_permission`.`codename` ASC; args=(21, 22)
(0.000) INSERT INTO `auth_permission` (`name`, `content_type_id`, `codename`) VALUES ('Can add permission', 21, 'add_permission'), ('Can change permission', 21, 'change_permission'), ('Can delete permission', 21, 'delete_permission'), ('Can add group', 22, 'add_group'), ('Can change group', 22, 'change_group'), ('Can delete group', 22, 'delete_group'); args=('Can add permission', 21, 'add_permission', 'Can change permission', 21, 'change_permission', 'Can delete permission', 21, 'delete_permission', 'Can add group', 22, 'add_group', 'Can change group', 22, 'change_group', 'Can delete group', 22, 'delete_group')
(0.000) SELECT `django_content_type`.`id`, `django_content_type`.`app_label`, `django_content_type`.`model` FROM `django_content_type` WHERE `django_content_type`.`app_label` = 'auth'; args=('auth',)
(0.000) SELECT `django_content_type`.`id`, `django_content_type`.`app_label`, `django_content_type`.`model` FROM `django_content_type` WHERE (`django_content_type`.`app_label` = 'contenttypes' AND `django_content_type`.`model` = 'contenttype'); args=('contenttypes', 'contenttype')
(0.000) SELECT `django_content_type`.`id`, `django_content_type`.`app_label`, `django_content_type`.`model` FROM `django_content_type` WHERE (`django_content_type`.`app_label` = 'contenttypes' AND `django_content_type`.`model` = 'contenttype'); args=('contenttypes', 'contenttype')
(0.000) INSERT INTO `django_content_type` (`app_label`, `model`) VALUES ('contenttypes', 'contenttype'); args=['contenttypes', 'contenttype']
(0.000) SELECT `auth_permission`.`content_type_id`, `auth_permission`.`codename` FROM `auth_permission` INNER JOIN `django_content_type` ON (`auth_permission`.`content_type_id` = `django_content_type`.`id`) WHERE `auth_permission`.`content_type_id` IN (23) ORDER BY `django_content_type`.`app_label` ASC, `django_content_type`.`model` ASC, `auth_permission`.`codename` ASC; args=(23,)
(0.000) INSERT INTO `auth_permission` (`name`, `content_type_id`, `codename`) VALUES ('Can add content type', 23, 'add_contenttype'), ('Can change content type', 23, 'change_contenttype'), ('Can delete content type', 23, 'delete_contenttype'); args=('Can add content type', 23, 'add_contenttype', 'Can change content type', 23, 'change_contenttype', 'Can delete content type', 23, 'delete_contenttype')
(0.001) SELECT `django_content_type`.`id`, `django_content_type`.`app_label`, `django_content_type`.`model` FROM `django_content_type` WHERE `django_content_type`.`app_label` = 'contenttypes'; args=('contenttypes',)
(0.000) SELECT `django_content_type`.`id`, `django_content_type`.`app_label`, `django_content_type`.`model` FROM `django_content_type` WHERE (`django_content_type`.`app_label` = 'sessions' AND `django_content_type`.`model` = 'session'); args=('sessions', 'session')
(0.000) SELECT `django_content_type`.`id`, `django_content_type`.`app_label`, `django_content_type`.`model` FROM `django_content_type` WHERE (`django_content_type`.`app_label` = 'sessions' AND `django_content_type`.`model` = 'session'); args=('sessions', 'session')
(0.000) INSERT INTO `django_content_type` (`app_label`, `model`) VALUES ('sessions', 'session'); args=['sessions', 'session']
(0.000) SELECT `auth_permission`.`content_type_id`, `auth_permission`.`codename` FROM `auth_permission` INNER JOIN `django_content_type` ON (`auth_permission`.`content_type_id` = `django_content_type`.`id`) WHERE `auth_permission`.`content_type_id` IN (24) ORDER BY `django_content_type`.`app_label` ASC, `django_content_type`.`model` ASC, `auth_permission`.`codename` ASC; args=(24,)
(0.000) INSERT INTO `auth_permission` (`name`, `content_type_id`, `codename`) VALUES ('Can add session', 24, 'add_session'), ('Can change session', 24, 'change_session'), ('Can delete session', 24, 'delete_session'); args=('Can add session', 24, 'add_session', 'Can change session', 24, 'change_session', 'Can delete session', 24, 'delete_session')
(0.000) SELECT `django_content_type`.`id`, `django_content_type`.`app_label`, `django_content_type`.`model` FROM `django_content_type` WHERE `django_content_type`.`app_label` = 'sessions'; args=('sessions',)
(0.000) SELECT `django_content_type`.`id`, `django_content_type`.`app_label`, `django_content_type`.`model` FROM `django_content_type` WHERE `django_content_type`.`app_label` = 'corsheaders'; args=('corsheaders',)
